<?xml version="1.0" encoding="UTF-8"?>
<!-- Generated by org.testng.reporters.JUnitXMLReporter -->
<testsuite hostname="LAPTOP-VHHM4112" ignored="0" name="Test One" tests="1" failures="0" timestamp="18 Aug 2018 11:17:23 GMT" time="0.908" errors="0">
  <testcase name="@BeforeTest setup" time="0.872" classname="test.java.testPage.WebPageTest">
    <failure type="org.openqa.selenium.SessionNotCreatedException" message="Unable to create session from {
  &amp;quot;desiredCapabilities&amp;quot;: {
    &amp;quot;appdriver-options&amp;quot;: {
      &amp;quot;closeOnQuit&amp;quot;: true
    },
    &amp;quot;appdriver-basestate&amp;quot;: {
      &amp;quot;type&amp;quot;: &amp;quot;NATIVE&amp;quot;,
      &amp;quot;locator&amp;quot;: &amp;quot;\u002f\u002fWindow&amp;quot;,
      &amp;quot;executable&amp;quot;: &amp;quot;APP&amp;quot;
    }
  },
  &amp;quot;capabilities&amp;quot;: {
    &amp;quot;firstMatch&amp;quot;: [
      {
      }
    ]
  }
}
Build info: version: &amp;apos;3.14.0&amp;apos;, revision: &amp;apos;aacccce0&amp;apos;, time: &amp;apos;2018-08-02T20:13:22.693Z&amp;apos;
System info: host: &amp;apos;LAPTOP-VHHM4112&amp;apos;, ip: &amp;apos;192.168.1.10&amp;apos;, os.name: &amp;apos;Windows 10&amp;apos;, os.arch: &amp;apos;amd64&amp;apos;, os.version: &amp;apos;10.0&amp;apos;, java.version: &amp;apos;1.8.0_161&amp;apos;
Driver info: driver.version: unknown
Command duration or timeout: 80 milliseconds">
      <![CDATA[org.openqa.selenium.SessionNotCreatedException: Unable to create session from {
  "desiredCapabilities": {
    "appdriver-options": {
      "closeOnQuit": true
    },
    "appdriver-basestate": {
      "type": "NATIVE",
      "locator": "\u002f\u002fWindow",
      "executable": "APP"
    }
  },
  "capabilities": {
    "firstMatch": [
      {
      }
    ]
  }
}
Build info: version: '3.14.0', revision: 'aacccce0', time: '2018-08-02T20:13:22.693Z'
System info: host: 'LAPTOP-VHHM4112', ip: '192.168.1.10', os.name: 'Windows 10', os.arch: 'amd64', os.version: '10.0', java.version: '1.8.0_161'
Driver info: driver.version: unknown
Command duration or timeout: 80 milliseconds
	at org.openqa.selenium.remote.ErrorHandler.createThrowable(ErrorHandler.java:214)
	at org.openqa.selenium.remote.ErrorHandler.throwIfResponseFailed(ErrorHandler.java:166)
	at org.openqa.selenium.remote.JsonWireProtocolResponse.lambda$new$0(JsonWireProtocolResponse.java:53)
	at org.openqa.selenium.remote.JsonWireProtocolResponse.lambda$getResponseFunction$2(JsonWireProtocolResponse.java:91)
	at org.openqa.selenium.remote.ProtocolHandshake.lambda$createSession$0(ProtocolHandshake.java:122)
	at java.util.stream.ReferencePipeline$3$1.accept(Unknown Source)
	at java.util.Spliterators$ArraySpliterator.tryAdvance(Unknown Source)
	at java.util.stream.ReferencePipeline.forEachWithCancel(Unknown Source)
	at java.util.stream.AbstractPipeline.copyIntoWithCancel(Unknown Source)
	at java.util.stream.AbstractPipeline.copyInto(Unknown Source)
	at java.util.stream.AbstractPipeline.wrapAndCopyInto(Unknown Source)
	at java.util.stream.FindOps$FindOp.evaluateSequential(Unknown Source)
	at java.util.stream.AbstractPipeline.evaluate(Unknown Source)
	at java.util.stream.ReferencePipeline.findFirst(Unknown Source)
	at org.openqa.selenium.remote.ProtocolHandshake.createSession(ProtocolHandshake.java:125)
	at org.openqa.selenium.remote.ProtocolHandshake.createSession(ProtocolHandshake.java:73)
	at org.openqa.selenium.remote.HttpCommandExecutor.execute(HttpCommandExecutor.java:136)
	at org.openqa.selenium.remote.RemoteWebDriver.execute(RemoteWebDriver.java:548)
	at org.openqa.selenium.remote.RemoteWebDriver.startSession(RemoteWebDriver.java:212)
	at org.openqa.selenium.remote.RemoteWebDriver.<init>(RemoteWebDriver.java:130)
	at org.openqa.selenium.remote.RemoteWebDriver.<init>(RemoteWebDriver.java:143)
	at test.java.testPage.WebPageTest.setup(WebPageTest.java:43)
	at java.util.concurrent.FutureTask.run(Unknown Source)
	at java.util.concurrent.ThreadPoolExecutor.runWorker(Unknown Source)
	at java.util.concurrent.ThreadPoolExecutor$Worker.run(Unknown Source)
	at java.lang.Thread.run(Unknown Source)
Caused by: org.openqa.selenium.SessionNotCreatedException: Unable to create session from {
  "desiredCapabilities": {
    "appdriver-options": {
      "closeOnQuit": true
    },
    "appdriver-basestate": {
      "type": "NATIVE",
      "locator": "\u002f\u002fWindow",
      "executable": "APP"
    }
  },
  "capabilities": {
    "firstMatch": [
      {
      }
    ]
  }
}
Build info: version: '3.14.0', revision: 'aacccce0', time: '2018-08-02T20:13:22.693Z'
System info: host: 'LAPTOP-VHHM4112', ip: '192.168.1.10', os.name: 'Windows 10', os.arch: 'amd64', os.version: '10.0', java.version: '1.8.0_161'
Driver info: driver.version: unknown
Build info: version: '3.14.0', revision: 'aacccce0', time: '2018-08-02T20:19:58.91Z'
System info: host: 'LAPTOP-VHHM4112', ip: '192.168.1.10', os.name: 'Windows 10', os.arch: 'amd64', os.version: '10.0', java.version: '1.8.0_161'
Driver info: driver.version: unknown
	at org.openqa.selenium.remote.server.NewSessionPipeline.lambda$null$4(NewSessionPipeline.java:75)
	at java.util.Optional.orElseThrow(Unknown Source)
	at org.openqa.selenium.remote.server.NewSessionPipeline.lambda$createNewSession$5(NewSessionPipeline.java:74)
	at java.util.Optional.orElseGet(Unknown Source)
	at org.openqa.selenium.remote.server.NewSessionPipeline.createNewSession(NewSessionPipeline.java:72)
	at org.openqa.selenium.remote.server.commandhandler.BeginSession.execute(BeginSession.java:65)
	at org.openqa.selenium.remote.server.WebDriverServlet.lambda$handle$3(WebDriverServlet.java:250)
	at java.util.concurrent.Executors$RunnableAdapter.call(Unknown Source)
	... 4 more
... Removed 18 stack frames]]>
    </failure>
  </testcase> <!-- @BeforeTest setup -->
  <testcase name="@AfterTest closeTest" time="0.0" classname="test.java.testPage.WebPageTest">
    <skipped/>
  </testcase> <!-- @AfterTest closeTest -->
  <testcase name="test" time="0.0" classname="test.java.testPage.WebPageTest">
    <skipped/>
  </testcase> <!-- test -->
</testsuite> <!-- Test One -->
